2019-10-06 13:37:08,186 [INFO] - a.e.s.Slf4jLogger - Slf4jLogger started
2019-10-06 13:37:09,290 [INFO] - n.s.e.p.s.f.AnnotationSizeOfFilter - Using regular expression provided through VM argument net.sf.ehcache.pool.sizeof.ignore.pattern for IgnoreSizeOf annotation : ^.*cache\..*IgnoreSizeOf$
2019-10-06 13:37:09,306 [INFO] - n.s.e.p.s.AgentLoader - Unavailable or unrecognised attach API : java.lang.ClassNotFoundException: com.sun.tools.attach.VirtualMachine
2019-10-06 13:37:09,680 [INFO] - n.s.e.p.s.JvmInformation - Detected JVM data model settings of: 64-Bit HotSpot JVM with Compressed OOPs
2019-10-06 13:37:09,680 [INFO] - n.s.e.p.i.DefaultSizeOfEngine - using Unsafe sizeof engine
2019-10-06 13:37:09,743 [INFO] - application - Creating Pool for datasource 'default'
2019-10-06 13:37:09,931 [INFO] - c.z.h.HikariDataSource - HikariPool-1 - Started.
2019-10-06 13:37:10,556 [INFO] - p.a.d.HikariCPConnectionPool - datasource [default] bound to JNDI as DefaultDS
2019-10-06 13:37:10,618 [INFO] - p.a.d.DefaultDBApi - Database [default] connected at jdbc:h2:./database/jatos
2019-10-06 13:37:16,796 [INFO] - o.h.j.i.u.LogHelper - HHH000204: Processing PersistenceUnitInfo [
	name: h2PersistenceUnit
	...]
2019-10-06 13:37:17,153 [INFO] - o.h.Version - HHH000412: Hibernate Core {5.1.0.Final}
2019-10-06 13:37:17,153 [INFO] - o.h.c.Environment - HHH000206: hibernate.properties not found
2019-10-06 13:37:17,153 [INFO] - o.h.c.Environment - HHH000021: Bytecode provider name : javassist
2019-10-06 13:37:17,267 [INFO] - o.h.a.c.Version - HCANN000001: Hibernate Commons Annotations {5.0.1.Final}
2019-10-06 13:37:17,517 [INFO] - o.h.d.Dialect - HHH000400: Using dialect: org.hibernate.dialect.H2Dialect
2019-10-06 13:37:18,050 [INFO] - o.h.v.i.u.Version - HV000001: Hibernate Validator 5.2.4.Final
2019-10-06 13:37:18,441 [INFO] - g.c.Common - Path to study assets directory is U:\Projects\boundary\onlineExperiments\jatos-3.3.6_win_java\jatos-3.3.6_win_java\study_assets_root
2019-10-06 13:37:18,441 [INFO] - g.c.Common - Path to study logs directory is U:\Projects\boundary\onlineExperiments\jatos-3.3.6_win_java\jatos-3.3.6_win_java\study_logs
2019-10-06 13:37:18,644 [INFO] - g.Initializer - .checkStudyAssetsRootDir: Created study assets root directory U:\Projects\boundary\onlineExperiments\jatos-3.3.6_win_java\jatos-3.3.6_win_java\study_assets_root
2019-10-06 13:37:18,644 [INFO] - g.Initializer - JATOS initialized
2019-10-06 13:37:18,644 [INFO] - g.OnStartStop - JATOS has started
2019-10-06 13:37:19,706 [INFO] - p.a.Play - Application started (Prod)
2019-10-06 13:37:19,958 [INFO] - p.c.s.NettyServer - Listening for HTTP on /127.0.0.1:9000
2019-10-06 13:37:20,564 [WARN] - c.g.a.AuthenticationAction - Authentication failed: remote address 127.0.0.1 tried to access page /
2019-10-06 13:37:20,674 [INFO] - gui_access - GET /jatos/login (null)
2019-10-06 13:37:28,266 [INFO] - gui_access - POST /jatos/login (null)
2019-10-06 13:37:28,547 [INFO] - o.h.h.i.QueryTranslatorFactoryInitiator - HHH000397: Using ASTQueryTranslatorFactory
2019-10-06 13:37:29,453 [INFO] - gui_access - GET /jatos (admin)
2019-10-06 13:37:29,891 [INFO] - gui_access - GET /jatos/sidebarStudyList (admin)
2019-10-06 13:37:29,891 [INFO] - gui_access - GET /jatos/releaseInfo?allowPreReleases=false (admin)
2019-10-06 13:37:30,582 [INFO] - g.c.JatosUpdater - Checked GitHub for latest release of JATOS: v3.3.6
2019-10-06 13:37:55,576 [INFO] - gui_access - POST /jatos/study (admin)
2019-10-06 13:37:56,078 [INFO] - gui_access - GET /jatos/1 (admin)
2019-10-06 13:37:56,453 [INFO] - gui_access - GET /jatos/sidebarStudyList (admin)
2019-10-06 13:37:56,562 [INFO] - gui_access - GET /jatos/1/componentsTableData?_=1570365476348 (admin)
2019-10-06 13:44:01,798 [INFO] - gui_access - GET /jatos/1 (admin)
2019-10-06 13:44:02,066 [INFO] - gui_access - GET /jatos/sidebarStudyList (admin)
2019-10-06 13:44:02,128 [INFO] - gui_access - GET /jatos/1/componentsTableData?_=1570365841955 (admin)
2019-10-06 13:44:28,014 [INFO] - gui_access - POST /jatos/1/component (admin)
2019-10-06 13:44:28,061 [INFO] - gui_access - GET /jatos/1/1/run (admin)
2019-10-06 13:44:28,076 [INFO] - publix_access - GET /publix/1/start?batchId=-1&jatosWorkerId=1
2019-10-06 13:44:28,076 [INFO] - c.p.w.JatosPublix - .startStudy: studyId 1, batchId -1, logged-in user's email admin
2019-10-06 13:44:28,092 [INFO] - c.p.w.JatosPublix - .startStudy: study (study ID 1, batch ID -1) assigned to worker with ID 1
2019-10-06 13:44:28,123 [INFO] - publix_access - GET /publix/1/1/start?srid=1
2019-10-06 13:44:28,123 [INFO] - c.p.w.JatosPublix - .startComponent: studyId 1, componentId 1, studyResultId 1, logged-in user's email admin
2019-10-06 13:44:28,155 [INFO] - g.ErrorHandler - PublixException during call /publix/1/1/start?srid=1: HTML file boundary_memoryTast.html in study assets test couldn't be found.
2019-10-06 13:44:32,070 [INFO] - gui_access - GET /jatos/sidebarStudyList (admin)
2019-10-06 13:44:32,148 [INFO] - gui_access - GET /jatos/1/componentsTableData?_=1570365871962 (admin)
2019-10-06 13:44:41,324 [INFO] - gui_access - GET /jatos/1/1/properties (admin)
2019-10-06 13:44:45,668 [INFO] - gui_access - POST /jatos/1/1/properties (admin)
2019-10-06 13:44:45,683 [INFO] - gui_access - GET /jatos/1/1/run (admin)
2019-10-06 13:44:45,715 [INFO] - publix_access - GET /publix/1/start?batchId=-1&jatosWorkerId=1
2019-10-06 13:44:45,715 [INFO] - c.p.w.JatosPublix - .startStudy: studyId 1, batchId -1, logged-in user's email admin
2019-10-06 13:44:45,715 [INFO] - c.p.w.JatosPublix - .startStudy: study (study ID 1, batch ID -1) assigned to worker with ID 1
2019-10-06 13:44:45,746 [INFO] - publix_access - GET /publix/1/1/start?srid=2
2019-10-06 13:44:45,746 [INFO] - c.p.w.JatosPublix - .startComponent: studyId 1, componentId 1, studyResultId 2, logged-in user's email admin
2019-10-06 13:44:46,030 [INFO] - publix_access - GET /publix/1/1/initData?srid=2
2019-10-06 13:44:46,030 [INFO] - c.p.Publix - .getInitData: studyId 1, componentId 1, studyResultId 2
2019-10-06 13:44:46,099 [INFO] - c.p.JatosBatchChannel - .open: studyId 1, studyResultId 2
2019-10-06 13:44:46,125 [INFO] - publix_access - POST /publix/1/heartbeat?srid=2
2019-10-06 13:46:46,172 [INFO] - publix_access - POST /publix/1/heartbeat?srid=2
2019-10-06 13:46:48,992 [INFO] - gui_access - GET /jatos/sidebarStudyList (admin)
2019-10-06 13:46:49,060 [INFO] - gui_access - GET /jatos/1/componentsTableData?_=1570366008889 (admin)
2019-10-06 13:46:50,609 [INFO] - gui_access - GET /jatos/1/1/run (admin)
2019-10-06 13:46:50,625 [INFO] - publix_access - GET /publix/1/start?batchId=-1&jatosWorkerId=1
2019-10-06 13:46:50,625 [INFO] - c.p.w.JatosPublix - .startStudy: studyId 1, batchId -1, logged-in user's email admin
2019-10-06 13:46:50,625 [INFO] - c.p.w.JatosPublix - .startStudy: study (study ID 1, batch ID -1) assigned to worker with ID 1
2019-10-06 13:46:50,647 [INFO] - publix_access - GET /publix/1/1/start?srid=3
2019-10-06 13:46:50,647 [INFO] - c.p.w.JatosPublix - .startComponent: studyId 1, componentId 1, studyResultId 3, logged-in user's email admin
2019-10-06 13:46:50,948 [INFO] - publix_access - GET /publix/1/1/initData?srid=3
2019-10-06 13:46:50,948 [INFO] - c.p.Publix - .getInitData: studyId 1, componentId 1, studyResultId 3
2019-10-06 13:46:50,991 [INFO] - c.p.JatosBatchChannel - .open: studyId 1, studyResultId 3
2019-10-06 13:46:51,012 [INFO] - publix_access - POST /publix/1/heartbeat?srid=3
2019-10-06 13:47:16,024 [INFO] - publix_access - GET /publix/1/1/start?srid=3
2019-10-06 13:47:16,024 [INFO] - c.p.w.JatosPublix - .startComponent: studyId 1, componentId 1, studyResultId 3, logged-in user's email admin
2019-10-06 13:47:16,469 [INFO] - publix_access - GET /publix/1/1/initData?srid=3
2019-10-06 13:47:16,469 [INFO] - c.p.Publix - .getInitData: studyId 1, componentId 1, studyResultId 3
2019-10-06 13:47:16,491 [INFO] - c.p.JatosBatchChannel - .open: studyId 1, studyResultId 3
2019-10-06 13:47:16,617 [INFO] - publix_access - POST /publix/1/heartbeat?srid=3
2019-10-06 13:47:32,510 [INFO] - publix_access - GET /publix/1/1/start?srid=3
2019-10-06 13:47:32,511 [INFO] - c.p.w.JatosPublix - .startComponent: studyId 1, componentId 1, studyResultId 3, logged-in user's email admin
2019-10-06 13:47:32,803 [INFO] - publix_access - GET /publix/1/1/initData?srid=3
2019-10-06 13:47:32,803 [INFO] - c.p.Publix - .getInitData: studyId 1, componentId 1, studyResultId 3
2019-10-06 13:47:32,824 [INFO] - c.p.JatosBatchChannel - .open: studyId 1, studyResultId 3
2019-10-06 13:47:32,974 [INFO] - publix_access - POST /publix/1/heartbeat?srid=3
2019-10-06 13:47:46,350 [INFO] - publix_access - POST /publix/1/studySessionData?srid=3
2019-10-06 13:47:46,350 [INFO] - c.p.Publix - .setStudySessionData: studyId 1, studyResultId 3
2019-10-06 13:47:46,355 [INFO] - publix_access - PUT /publix/1/1/resultData?srid=3
2019-10-06 13:47:46,355 [INFO] - c.p.Publix - .submitResultData: studyId 1, componentId 1, studyResultId 3
2019-10-06 13:47:46,392 [INFO] - publix_access - GET /publix/1/end?srid=3&successful=true&errorMsg=complete
2019-10-06 13:47:46,392 [INFO] - c.p.w.JatosPublix - .finishStudy: studyId 1, studyResultId 3, logged-in user email admin, successful true, errorMsg "complete"
2019-10-06 13:47:46,450 [INFO] - gui_access - GET /jatos/1 (admin)
2019-10-06 13:47:46,731 [INFO] - gui_access - GET /jatos/sidebarStudyList (admin)
2019-10-06 13:47:46,813 [INFO] - gui_access - GET /jatos/1/componentsTableData?_=1570366066610 (admin)
2019-10-06 13:47:50,244 [INFO] - gui_access - GET /jatos/1/1/results (admin)
2019-10-06 13:47:50,444 [INFO] - gui_access - GET /jatos/sidebarStudyList (admin)
2019-10-06 13:47:50,575 [INFO] - gui_access - GET /jatos/1/1/tableData?_=1570366070361 (admin)
2019-10-06 13:48:19,552 [INFO] - gui_access - POST /jatos/componentResult/export/resultData (admin)
2019-10-06 13:51:03,717 [INFO] - gui_access - GET /jatos/1 (admin)
2019-10-06 13:51:03,893 [INFO] - gui_access - GET /jatos/sidebarStudyList (admin)
2019-10-06 13:51:03,955 [INFO] - gui_access - GET /jatos/1/componentsTableData?_=1570366263821 (admin)
2019-10-06 13:51:05,485 [INFO] - gui_access - GET /jatos/1/export (admin)
2019-10-06 13:54:48,045 [INFO] - gui_access - GET /jatos/1/1/results (admin)
2019-10-06 13:54:48,209 [INFO] - gui_access - GET /jatos/sidebarStudyList (admin)
2019-10-06 13:54:48,340 [INFO] - gui_access - GET /jatos/1/1/tableData?_=1570366488137 (admin)
2019-10-07 11:34:31,806 [INFO] - a.e.s.Slf4jLogger - Slf4jLogger started
2019-10-07 11:34:34,885 [INFO] - n.s.e.p.s.f.AnnotationSizeOfFilter - Using regular expression provided through VM argument net.sf.ehcache.pool.sizeof.ignore.pattern for IgnoreSizeOf annotation : ^.*cache\..*IgnoreSizeOf$
2019-10-07 11:34:34,890 [INFO] - n.s.e.p.s.AgentLoader - Unavailable or unrecognised attach API : java.lang.ClassNotFoundException: com.sun.tools.attach.VirtualMachine
2019-10-07 11:34:37,247 [INFO] - n.s.e.p.s.JvmInformation - Detected JVM data model settings of: 64-Bit HotSpot JVM with Compressed OOPs
2019-10-07 11:34:37,247 [INFO] - n.s.e.p.i.DefaultSizeOfEngine - using Unsafe sizeof engine
2019-10-07 11:34:37,656 [INFO] - application - Creating Pool for datasource 'default'
2019-10-07 11:34:37,983 [INFO] - c.z.h.HikariDataSource - HikariPool-1 - Started.
2019-10-07 11:34:39,327 [INFO] - p.a.d.HikariCPConnectionPool - datasource [default] bound to JNDI as DefaultDS
2019-10-07 11:34:39,531 [INFO] - p.a.d.DefaultDBApi - Database [default] connected at jdbc:h2:./database/jatos
2019-10-07 11:34:49,495 [INFO] - o.h.j.i.u.LogHelper - HHH000204: Processing PersistenceUnitInfo [
	name: h2PersistenceUnit
	...]
2019-10-07 11:34:49,555 [INFO] - o.h.Version - HHH000412: Hibernate Core {5.1.0.Final}
2019-10-07 11:34:49,556 [INFO] - o.h.c.Environment - HHH000206: hibernate.properties not found
2019-10-07 11:34:49,557 [INFO] - o.h.c.Environment - HHH000021: Bytecode provider name : javassist
2019-10-07 11:34:49,645 [INFO] - o.h.a.c.Version - HCANN000001: Hibernate Commons Annotations {5.0.1.Final}
2019-10-07 11:34:49,820 [INFO] - o.h.d.Dialect - HHH000400: Using dialect: org.hibernate.dialect.H2Dialect
2019-10-07 11:34:50,289 [INFO] - o.h.v.i.u.Version - HV000001: Hibernate Validator 5.2.4.Final
2019-10-07 11:34:50,853 [INFO] - g.c.Common - Path to study assets directory is U:\Projects\boundary\onlineExperiments\jatos-3.3.6_win_java\jatos-3.3.6_win_java\study_assets_root
2019-10-07 11:34:50,853 [INFO] - g.c.Common - Path to study logs directory is U:\Projects\boundary\onlineExperiments\jatos-3.3.6_win_java\jatos-3.3.6_win_java\study_logs
2019-10-07 11:34:51,016 [INFO] - g.Initializer - JATOS initialized
2019-10-07 11:34:51,016 [INFO] - g.OnStartStop - JATOS has started
2019-10-07 11:34:53,090 [INFO] - p.a.Play - Application started (Prod)
2019-10-07 11:34:54,395 [INFO] - p.c.s.NettyServer - Listening for HTTP on /127.0.0.1:9000
2019-10-07 11:35:01,302 [WARN] - c.g.a.AuthenticationAction - Authentication failed: remote address 127.0.0.1 tried to access page /
2019-10-07 11:35:01,726 [INFO] - gui_access - GET /jatos/login (null)
2019-10-07 11:35:13,836 [INFO] - a.e.s.Slf4jLogger - Slf4jLogger started
2019-10-07 11:35:13,987 [INFO] - n.s.e.p.s.f.AnnotationSizeOfFilter - Using regular expression provided through VM argument net.sf.ehcache.pool.sizeof.ignore.pattern for IgnoreSizeOf annotation : ^.*cache\..*IgnoreSizeOf$
2019-10-07 11:35:13,990 [INFO] - n.s.e.p.s.AgentLoader - Unavailable or unrecognised attach API : java.lang.ClassNotFoundException: com.sun.tools.attach.VirtualMachine
2019-10-07 11:35:14,029 [INFO] - n.s.e.p.s.JvmInformation - Detected JVM data model settings of: 64-Bit HotSpot JVM with Compressed OOPs
2019-10-07 11:35:14,029 [INFO] - n.s.e.p.i.DefaultSizeOfEngine - using Unsafe sizeof engine
2019-10-07 11:35:14,069 [INFO] - application - Creating Pool for datasource 'default'
2019-10-07 11:35:14,077 [INFO] - c.z.h.HikariDataSource - HikariPool-1 - Started.
2019-10-07 11:35:14,329 [INFO] - p.a.d.HikariCPConnectionPool - datasource [default] bound to JNDI as DefaultDS
2019-10-07 11:35:14,359 [INFO] - p.a.d.DefaultDBApi - Database [default] connected at jdbc:h2:./database/jatos
2019-10-07 11:35:15,359 [INFO] - o.h.j.i.u.LogHelper - HHH000204: Processing PersistenceUnitInfo [
	name: h2PersistenceUnit
	...]
2019-10-07 11:35:15,427 [INFO] - o.h.Version - HHH000412: Hibernate Core {5.1.0.Final}
2019-10-07 11:35:15,428 [INFO] - o.h.c.Environment - HHH000206: hibernate.properties not found
2019-10-07 11:35:15,430 [INFO] - o.h.c.Environment - HHH000021: Bytecode provider name : javassist
2019-10-07 11:35:15,467 [INFO] - o.h.a.c.Version - HCANN000001: Hibernate Commons Annotations {5.0.1.Final}
2019-10-07 11:35:15,568 [INFO] - o.h.d.Dialect - HHH000400: Using dialect: org.hibernate.dialect.H2Dialect
2019-10-07 11:35:15,869 [INFO] - o.h.v.i.u.Version - HV000001: Hibernate Validator 5.2.4.Final
2019-10-07 11:35:16,287 [INFO] - g.c.Common - Path to study assets directory is U:\Projects\boundary\onlineExperiments\jatos-3.3.6_win_java\jatos-3.3.6_win_java\study_assets_root
2019-10-07 11:35:16,287 [INFO] - g.c.Common - Path to study logs directory is U:\Projects\boundary\onlineExperiments\jatos-3.3.6_win_java\jatos-3.3.6_win_java\study_logs
2019-10-07 11:35:16,434 [INFO] - g.Initializer - JATOS initialized
2019-10-07 11:35:16,434 [INFO] - g.OnStartStop - JATOS has started
2019-10-07 11:35:16,758 [INFO] - p.a.Play - Application started (Prod)
2019-10-07 11:35:16,854 [INFO] - p.c.s.NettyServer - Listening for HTTP on /127.0.0.1:9000
2019-10-07 11:35:21,379 [INFO] - gui_access - GET /jatos/login (null)
2019-10-07 11:35:33,512 [INFO] - gui_access - POST /jatos/login (null)
2019-10-07 11:35:33,592 [INFO] - o.h.h.i.QueryTranslatorFactoryInitiator - HHH000397: Using ASTQueryTranslatorFactory
2019-10-07 11:35:33,787 [INFO] - gui_access - GET /jatos (admin)
2019-10-07 11:35:34,236 [INFO] - gui_access - GET /jatos/sidebarStudyList (admin)
2019-10-07 11:35:34,258 [INFO] - gui_access - GET /jatos/releaseInfo?allowPreReleases=false (admin)
2019-10-07 11:35:35,031 [INFO] - g.c.JatosUpdater - Checked GitHub for latest release of JATOS: v3.3.6
2019-10-07 11:35:46,327 [INFO] - gui_access - POST /jatos/study (admin)
2019-10-07 11:35:50,937 [INFO] - gui_access - POST /jatos/study (admin)
2019-10-07 11:35:51,085 [INFO] - gui_access - GET /jatos/33 (admin)
2019-10-07 11:35:51,231 [INFO] - gui_access - GET /jatos/sidebarStudyList (admin)
2019-10-07 11:35:51,308 [INFO] - gui_access - GET /jatos/33/componentsTableData?_=1570444551181 (admin)
2019-10-07 11:40:54,649 [INFO] - gui_access - GET /jatos/33 (admin)
2019-10-07 11:40:54,749 [INFO] - gui_access - GET /jatos/sidebarStudyList (admin)
2019-10-07 11:40:54,785 [INFO] - gui_access - GET /jatos/33/componentsTableData?_=1570444854698 (admin)
2019-10-07 11:41:25,236 [INFO] - gui_access - GET /jatos/33 (admin)
2019-10-07 11:41:25,330 [INFO] - gui_access - GET /jatos/sidebarStudyList (admin)
2019-10-07 11:41:25,365 [INFO] - gui_access - GET /jatos/33/componentsTableData?_=1570444885282 (admin)
2019-10-07 11:41:40,421 [INFO] - gui_access - GET /jatos/1 (admin)
2019-10-07 11:41:40,525 [INFO] - gui_access - GET /jatos/sidebarStudyList (admin)
2019-10-07 11:41:40,557 [INFO] - gui_access - GET /jatos/1/componentsTableData?_=1570444900465 (admin)
2019-10-07 11:41:44,985 [INFO] - gui_access - POST /jatos/1/component (admin)
2019-10-07 11:41:48,120 [INFO] - gui_access - GET /jatos/1/results (admin)
2019-10-07 11:41:48,252 [INFO] - gui_access - GET /jatos/sidebarStudyList (admin)
2019-10-07 11:41:48,321 [INFO] - gui_access - GET /jatos/1/resultsTableData?_=1570444908213 (admin)
2019-10-07 11:41:50,799 [INFO] - gui_access - GET /jatos (admin)
2019-10-07 11:41:50,866 [INFO] - gui_access - GET /jatos/releaseInfo?allowPreReleases=false (admin)
2019-10-07 11:41:50,877 [INFO] - gui_access - GET /jatos/sidebarStudyList (admin)
2019-10-07 11:41:52,419 [INFO] - gui_access - GET /jatos/1 (admin)
2019-10-07 11:41:52,489 [INFO] - gui_access - GET /jatos/sidebarStudyList (admin)
2019-10-07 11:41:52,509 [INFO] - gui_access - GET /jatos/1/componentsTableData?_=1570444912444 (admin)
2019-10-07 11:42:22,145 [INFO] - gui_access - GET /jatos/1/run (admin)
2019-10-07 11:42:22,192 [INFO] - publix_access - GET /publix/1/start?batchId=-1&jatosWorkerId=1
2019-10-07 11:42:22,197 [INFO] - c.p.w.JatosPublix - .startStudy: studyId 1, batchId -1, logged-in user's email admin
2019-10-07 11:42:22,277 [INFO] - c.p.w.JatosPublix - .startStudy: study (study ID 1, batch ID -1) assigned to worker with ID 1
2019-10-07 11:42:22,386 [INFO] - publix_access - GET /publix/1/1/start?srid=33
2019-10-07 11:42:22,386 [INFO] - c.p.w.JatosPublix - .startComponent: studyId 1, componentId 1, studyResultId 33, logged-in user's email admin
2019-10-07 11:42:23,470 [INFO] - publix_access - GET /publix/1/1/initData?srid=33
2019-10-07 11:42:23,470 [INFO] - c.p.Publix - .getInitData: studyId 1, componentId 1, studyResultId 33
2019-10-07 11:42:23,595 [INFO] - publix_access - POST /publix/1/heartbeat?srid=33
2019-10-07 11:42:23,604 [INFO] - c.p.JatosBatchChannel - .open: studyId 1, studyResultId 33
2019-10-07 11:42:32,475 [INFO] - gui_access - GET /jatos/1/componentsTableData?_=1570444952348 (admin)
2019-10-07 11:42:37,831 [INFO] - gui_access - GET /jatos/1/export (admin)
2019-10-07 11:57:07,555 [WARN] - c.g.a.AuthenticationAction - Invalid session: user admin tried to access page / from remote address 127.0.0.1.
2019-10-07 11:57:07,570 [INFO] - gui_access - GET /jatos/login (null)
2019-10-07 11:57:12,556 [INFO] - gui_access - POST /jatos/login (null)
2019-10-07 11:57:12,571 [INFO] - gui_access - GET /jatos (admin)
2019-10-07 11:57:12,960 [INFO] - gui_access - GET /jatos/releaseInfo?allowPreReleases=false (admin)
2019-10-07 11:57:12,967 [INFO] - gui_access - GET /jatos/sidebarStudyList (admin)
2019-10-07 11:57:20,732 [INFO] - gui_access - GET /jatos/33 (admin)
2019-10-07 11:57:20,911 [INFO] - gui_access - GET /jatos/sidebarStudyList (admin)
2019-10-07 11:57:20,955 [INFO] - gui_access - GET /jatos/33/componentsTableData?_=1570445840842 (admin)
2019-10-07 11:57:25,612 [INFO] - gui_access - DELETE /jatos/33 (admin)
2019-10-07 11:57:26,304 [INFO] - gui_access - GET /jatos (admin)
2019-10-07 11:57:26,476 [INFO] - gui_access - GET /jatos/releaseInfo?allowPreReleases=false (admin)
2019-10-07 11:57:26,481 [INFO] - gui_access - GET /jatos/sidebarStudyList (admin)
2019-10-07 11:57:28,877 [INFO] - gui_access - GET /jatos/1 (admin)
2019-10-07 11:57:29,057 [INFO] - gui_access - GET /jatos/sidebarStudyList (admin)
2019-10-07 11:57:29,131 [INFO] - gui_access - GET /jatos/1/componentsTableData?_=1570445848964 (admin)
2019-10-07 11:57:32,957 [INFO] - gui_access - DELETE /jatos/1 (admin)
2019-10-07 11:57:33,053 [INFO] - gui_access - GET /jatos (admin)
2019-10-07 11:57:33,219 [INFO] - gui_access - GET /jatos/releaseInfo?allowPreReleases=false (admin)
2019-10-07 11:57:33,231 [INFO] - gui_access - GET /jatos/sidebarStudyList (admin)
2019-10-07 11:58:07,117 [INFO] - gui_access - POST /jatos/study (admin)
2019-10-07 11:58:07,160 [INFO] - gui_access - GET /jatos/34 (admin)
2019-10-07 11:58:07,367 [INFO] - gui_access - GET /jatos/sidebarStudyList (admin)
2019-10-07 11:58:07,465 [INFO] - gui_access - GET /jatos/34/componentsTableData?_=1570445887292 (admin)
2019-10-07 13:02:43,768 [INFO] - gui_access - POST /jatos/login (admin)
2019-10-07 13:03:08,802 [INFO] - gui_access - POST /jatos/34/component (admin)
2019-10-07 13:03:14,383 [INFO] - gui_access - POST /jatos/34/component (admin)
2019-10-07 13:03:14,421 [INFO] - gui_access - GET /jatos/sidebarStudyList (admin)
2019-10-07 13:03:14,432 [INFO] - gui_access - GET /jatos/34/componentsTableData?_=1570445887293 (admin)
2019-10-07 13:03:17,221 [INFO] - gui_access - GET /jatos/34/33/run (admin)
2019-10-07 13:03:17,239 [INFO] - publix_access - GET /publix/34/start?batchId=-1&jatosWorkerId=1
2019-10-07 13:03:17,239 [INFO] - c.p.w.JatosPublix - .startStudy: studyId 34, batchId -1, logged-in user's email admin
2019-10-07 13:03:17,242 [INFO] - c.p.w.JatosPublix - .startStudy: study (study ID 34, batch ID -1) assigned to worker with ID 1
2019-10-07 13:03:17,277 [INFO] - publix_access - GET /publix/34/33/start?srid=34
2019-10-07 13:03:17,277 [INFO] - c.p.w.JatosPublix - .startComponent: studyId 34, componentId 33, studyResultId 34, logged-in user's email admin
2019-10-07 13:03:17,581 [INFO] - publix_access - GET /publix/34/33/initData?srid=34
2019-10-07 13:03:17,581 [INFO] - c.p.Publix - .getInitData: studyId 34, componentId 33, studyResultId 34
2019-10-07 13:03:17,601 [INFO] - c.p.JatosBatchChannel - .open: studyId 34, studyResultId 34
2019-10-07 13:03:17,614 [INFO] - publix_access - POST /publix/34/heartbeat?srid=34
2019-10-08 09:35:00,784 [INFO] - gui_access - GET /jatos/login (admin)
2019-10-08 09:35:05,754 [INFO] - gui_access - POST /jatos/login (admin)
2019-10-08 09:35:05,793 [INFO] - gui_access - GET /jatos (admin)
2019-10-08 09:35:06,093 [INFO] - gui_access - GET /jatos/releaseInfo?allowPreReleases=false (admin)
2019-10-08 09:35:06,125 [INFO] - gui_access - GET /jatos/sidebarStudyList (admin)
2019-10-08 09:35:09,471 [INFO] - gui_access - GET /jatos/34 (admin)
2019-10-08 09:35:09,654 [INFO] - gui_access - GET /jatos/sidebarStudyList (admin)
2019-10-08 09:35:09,708 [INFO] - gui_access - GET /jatos/34/componentsTableData?_=1570523709593 (admin)
2019-10-08 09:35:11,808 [INFO] - gui_access - GET /jatos/34/run (admin)
2019-10-08 09:35:11,828 [INFO] - publix_access - GET /publix/34/start?batchId=-1&jatosWorkerId=1
2019-10-08 09:35:11,828 [INFO] - c.p.w.JatosPublix - .startStudy: studyId 34, batchId -1, logged-in user's email admin
2019-10-08 09:35:11,834 [INFO] - c.p.w.JatosPublix - .startStudy: study (study ID 34, batch ID -1) assigned to worker with ID 1
2019-10-08 09:35:11,868 [INFO] - publix_access - GET /publix/34/33/start?srid=35
2019-10-08 09:35:11,869 [INFO] - c.p.w.JatosPublix - .startComponent: studyId 34, componentId 33, studyResultId 35, logged-in user's email admin
2019-10-08 09:35:12,179 [INFO] - publix_access - GET /publix/34/33/initData?srid=35
2019-10-08 09:35:12,179 [INFO] - c.p.Publix - .getInitData: studyId 34, componentId 33, studyResultId 35
2019-10-08 09:35:12,208 [INFO] - c.p.JatosBatchChannel - .open: studyId 34, studyResultId 35
2019-10-08 09:35:12,341 [INFO] - publix_access - POST /publix/34/heartbeat?srid=35
2019-10-08 09:36:03,794 [INFO] - gui_access - GET /jatos/login (admin)
2019-10-08 09:36:08,592 [INFO] - gui_access - POST /jatos/login (admin)
2019-10-08 09:36:08,608 [INFO] - gui_access - GET /jatos (admin)
2019-10-08 09:36:08,754 [INFO] - gui_access - GET /jatos/releaseInfo?allowPreReleases=false (admin)
2019-10-08 09:36:08,759 [INFO] - gui_access - GET /jatos/sidebarStudyList (admin)
2019-10-08 09:36:10,406 [INFO] - gui_access - GET /jatos/34 (admin)
2019-10-08 09:36:10,571 [INFO] - gui_access - GET /jatos/sidebarStudyList (admin)
2019-10-08 09:36:10,639 [INFO] - gui_access - GET /jatos/34/componentsTableData?_=1570523770501 (admin)
2019-10-08 09:36:12,921 [INFO] - gui_access - GET /jatos/34/results (admin)
2019-10-08 09:36:13,080 [INFO] - gui_access - GET /jatos/sidebarStudyList (admin)
2019-10-08 09:36:13,216 [INFO] - gui_access - GET /jatos/34/resultsTableData?_=1570523773025 (admin)
2019-10-08 09:36:28,152 [INFO] - gui_access - DELETE /jatos/studyResult?studyResultIds=35,34 (admin)
2019-10-08 09:36:29,499 [INFO] - gui_access - GET /jatos/34 (admin)
2019-10-08 09:36:29,679 [INFO] - gui_access - GET /jatos/sidebarStudyList (admin)
2019-10-08 09:36:29,740 [INFO] - gui_access - GET /jatos/34/componentsTableData?_=1570523789601 (admin)
2019-10-08 12:23:10,297 [INFO] - gui_access - POST /jatos/login (admin)
2019-10-08 12:23:21,194 [INFO] - gui_access - GET /jatos/34/33/run (admin)
2019-10-08 12:23:21,223 [INFO] - publix_access - GET /publix/34/start?batchId=-1&jatosWorkerId=1
2019-10-08 12:23:21,223 [INFO] - c.p.w.JatosPublix - .startStudy: studyId 34, batchId -1, logged-in user's email admin
2019-10-08 12:23:21,227 [INFO] - c.p.w.JatosPublix - .startStudy: study (study ID 34, batch ID -1) assigned to worker with ID 1
2019-10-08 12:23:21,281 [INFO] - publix_access - GET /publix/34/33/start?srid=36
2019-10-08 12:23:21,282 [INFO] - c.p.w.JatosPublix - .startComponent: studyId 34, componentId 33, studyResultId 36, logged-in user's email admin
2019-10-08 12:23:21,660 [INFO] - publix_access - GET /publix/34/33/initData?srid=36
2019-10-08 12:23:21,661 [INFO] - c.p.Publix - .getInitData: studyId 34, componentId 33, studyResultId 36
2019-10-08 12:23:21,691 [INFO] - c.p.JatosBatchChannel - .open: studyId 34, studyResultId 36
2019-10-08 12:23:21,711 [INFO] - publix_access - POST /publix/34/heartbeat?srid=36
2019-10-08 12:23:30,671 [INFO] - publix_access - GET /publix/34/33/start?srid=36
2019-10-08 12:23:30,671 [INFO] - c.p.w.JatosPublix - .startComponent: studyId 34, componentId 33, studyResultId 36, logged-in user's email admin
2019-10-08 12:23:30,923 [INFO] - publix_access - GET /publix/34/end?srid=36&successful=false&errorMsg=It%27s+not+allowed+to+reload+this+component+%28ID%3A+33%29.+Unfortunately+it+is+neccessary+to+finish+this+study+%28ID%3A+34%29+at+this+point.
2019-10-08 12:23:30,924 [INFO] - c.p.w.JatosPublix - .finishStudy: studyId 34, studyResultId 36, logged-in user email admin, successful false, errorMsg "It's not allowed to reload this component (ID: 33). Unfortunately it is neccessary to finish this study (ID: 34) at this point."
2019-10-08 12:23:31,395 [INFO] - gui_access - GET /jatos/sidebarStudyList (admin)
2019-10-08 12:23:31,490 [INFO] - gui_access - GET /jatos/34/componentsTableData?_=1570533811311 (admin)
2019-10-08 12:24:18,922 [INFO] - gui_access - GET /jatos/34/run (admin)
2019-10-08 12:24:18,956 [INFO] - publix_access - GET /publix/34/start?batchId=-1&jatosWorkerId=1
2019-10-08 12:24:18,956 [INFO] - c.p.w.JatosPublix - .startStudy: studyId 34, batchId -1, logged-in user's email admin
2019-10-08 12:24:18,958 [INFO] - c.p.w.JatosPublix - .startStudy: study (study ID 34, batch ID -1) assigned to worker with ID 1
2019-10-08 12:24:18,985 [INFO] - publix_access - GET /publix/34/33/start?srid=37
2019-10-08 12:24:18,985 [INFO] - c.p.w.JatosPublix - .startComponent: studyId 34, componentId 33, studyResultId 37, logged-in user's email admin
2019-10-08 12:24:19,258 [INFO] - publix_access - GET /publix/34/33/initData?srid=37
2019-10-08 12:24:19,259 [INFO] - c.p.Publix - .getInitData: studyId 34, componentId 33, studyResultId 37
2019-10-08 12:24:19,282 [INFO] - c.p.JatosBatchChannel - .open: studyId 34, studyResultId 37
2019-10-08 12:24:19,295 [INFO] - publix_access - POST /publix/34/heartbeat?srid=37
2019-10-08 12:24:24,144 [INFO] - publix_access - GET /publix/34/33/start?srid=37
2019-10-08 12:24:24,145 [INFO] - c.p.w.JatosPublix - .startComponent: studyId 34, componentId 33, studyResultId 37, logged-in user's email admin
2019-10-08 12:24:24,159 [INFO] - publix_access - GET /publix/34/end?srid=37&successful=false&errorMsg=It%27s+not+allowed+to+reload+this+component+%28ID%3A+33%29.+Unfortunately+it+is+neccessary+to+finish+this+study+%28ID%3A+34%29+at+this+point.
2019-10-08 12:24:24,160 [INFO] - c.p.w.JatosPublix - .finishStudy: studyId 34, studyResultId 37, logged-in user email admin, successful false, errorMsg "It's not allowed to reload this component (ID: 33). Unfortunately it is neccessary to finish this study (ID: 34) at this point."
2019-10-08 12:24:24,186 [INFO] - gui_access - GET /jatos/34 (admin)
2019-10-08 12:24:24,507 [INFO] - gui_access - GET /jatos/sidebarStudyList (admin)
2019-10-08 12:24:24,612 [INFO] - gui_access - GET /jatos/34/componentsTableData?_=1570533864416 (admin)
2019-10-08 12:24:27,562 [INFO] - gui_access - GET /jatos/34/run (admin)
2019-10-08 12:24:27,588 [INFO] - publix_access - GET /publix/34/start?batchId=-1&jatosWorkerId=1
2019-10-08 12:24:27,588 [INFO] - c.p.w.JatosPublix - .startStudy: studyId 34, batchId -1, logged-in user's email admin
2019-10-08 12:24:27,592 [INFO] - c.p.w.JatosPublix - .startStudy: study (study ID 34, batch ID -1) assigned to worker with ID 1
2019-10-08 12:24:27,621 [INFO] - publix_access - GET /publix/34/33/start?srid=38
2019-10-08 12:24:27,621 [INFO] - c.p.w.JatosPublix - .startComponent: studyId 34, componentId 33, studyResultId 38, logged-in user's email admin
2019-10-08 12:24:27,866 [INFO] - publix_access - GET /publix/34/33/initData?srid=38
2019-10-08 12:24:27,866 [INFO] - c.p.Publix - .getInitData: studyId 34, componentId 33, studyResultId 38
2019-10-08 12:24:27,893 [INFO] - c.p.JatosBatchChannel - .open: studyId 34, studyResultId 38
2019-10-08 12:24:27,907 [INFO] - publix_access - POST /publix/34/heartbeat?srid=38
2019-10-08 12:24:33,412 [INFO] - gui_access - GET /jatos/34/run (admin)
2019-10-08 12:24:33,443 [INFO] - publix_access - GET /publix/34/start?batchId=-1&jatosWorkerId=1
2019-10-08 12:24:33,444 [INFO] - c.p.w.JatosPublix - .startStudy: studyId 34, batchId -1, logged-in user's email admin
2019-10-08 12:24:33,448 [INFO] - c.p.w.JatosPublix - .startStudy: study (study ID 34, batch ID -1) assigned to worker with ID 1
2019-10-08 12:24:33,469 [INFO] - publix_access - GET /publix/34/33/start?srid=39
2019-10-08 12:24:33,470 [INFO] - c.p.w.JatosPublix - .startComponent: studyId 34, componentId 33, studyResultId 39, logged-in user's email admin
2019-10-08 12:24:33,669 [INFO] - publix_access - GET /publix/34/33/initData?srid=39
2019-10-08 12:24:33,670 [INFO] - c.p.Publix - .getInitData: studyId 34, componentId 33, studyResultId 39
2019-10-08 12:24:33,693 [INFO] - c.p.JatosBatchChannel - .open: studyId 34, studyResultId 39
2019-10-08 12:24:33,708 [INFO] - publix_access - POST /publix/34/heartbeat?srid=39
2019-10-08 12:26:02,374 [INFO] - gui_access - GET /jatos/34/run (admin)
2019-10-08 12:26:02,408 [INFO] - publix_access - GET /publix/34/start?batchId=-1&jatosWorkerId=1
2019-10-08 12:26:02,408 [INFO] - c.p.w.JatosPublix - .startStudy: studyId 34, batchId -1, logged-in user's email admin
2019-10-08 12:26:02,414 [INFO] - c.p.w.JatosPublix - .startStudy: study (study ID 34, batch ID -1) assigned to worker with ID 1
2019-10-08 12:26:02,439 [INFO] - publix_access - GET /publix/34/33/start?srid=40
2019-10-08 12:26:02,439 [INFO] - c.p.w.JatosPublix - .startComponent: studyId 34, componentId 33, studyResultId 40, logged-in user's email admin
2019-10-08 12:26:02,677 [INFO] - publix_access - GET /publix/34/33/initData?srid=40
2019-10-08 12:26:02,678 [INFO] - c.p.Publix - .getInitData: studyId 34, componentId 33, studyResultId 40
2019-10-08 12:26:02,708 [INFO] - c.p.JatosBatchChannel - .open: studyId 34, studyResultId 40
2019-10-08 12:26:02,756 [INFO] - publix_access - POST /publix/34/heartbeat?srid=40
2019-10-08 12:26:08,428 [INFO] - publix_access - GET /publix/34/33/start?srid=40
2019-10-08 12:26:08,428 [INFO] - c.p.w.JatosPublix - .startComponent: studyId 34, componentId 33, studyResultId 40, logged-in user's email admin
2019-10-08 12:26:08,466 [INFO] - publix_access - GET /publix/34/end?srid=40&successful=false&errorMsg=It%27s+not+allowed+to+reload+this+component+%28ID%3A+33%29.+Unfortunately+it+is+neccessary+to+finish+this+study+%28ID%3A+34%29+at+this+point.
2019-10-08 12:26:08,467 [INFO] - c.p.w.JatosPublix - .finishStudy: studyId 34, studyResultId 40, logged-in user email admin, successful false, errorMsg "It's not allowed to reload this component (ID: 33). Unfortunately it is neccessary to finish this study (ID: 34) at this point."
2019-10-08 12:26:08,825 [INFO] - gui_access - GET /jatos/34/componentsTableData?_=1570533968670 (admin)
2019-10-08 12:26:10,872 [INFO] - gui_access - GET /jatos/34/run (admin)
2019-10-08 12:26:10,895 [INFO] - publix_access - GET /publix/34/start?batchId=-1&jatosWorkerId=1
2019-10-08 12:26:10,896 [INFO] - c.p.w.JatosPublix - .startStudy: studyId 34, batchId -1, logged-in user's email admin
2019-10-08 12:26:10,897 [INFO] - c.p.w.JatosPublix - .startStudy: study (study ID 34, batch ID -1) assigned to worker with ID 1
2019-10-08 12:26:10,925 [INFO] - publix_access - GET /publix/34/33/start?srid=41
2019-10-08 12:26:10,925 [INFO] - c.p.w.JatosPublix - .startComponent: studyId 34, componentId 33, studyResultId 41, logged-in user's email admin
2019-10-08 12:26:11,183 [INFO] - publix_access - GET /publix/34/33/initData?srid=41
2019-10-08 12:26:11,183 [INFO] - c.p.Publix - .getInitData: studyId 34, componentId 33, studyResultId 41
2019-10-08 12:26:11,198 [INFO] - c.p.JatosBatchChannel - .open: studyId 34, studyResultId 41
2019-10-08 12:26:11,216 [INFO] - publix_access - POST /publix/34/heartbeat?srid=41
2019-10-08 12:26:59,823 [INFO] - gui_access - GET /jatos/34/run (admin)
2019-10-08 12:26:59,852 [INFO] - publix_access - GET /publix/34/start?batchId=-1&jatosWorkerId=1
2019-10-08 12:26:59,852 [INFO] - c.p.w.JatosPublix - .startStudy: studyId 34, batchId -1, logged-in user's email admin
2019-10-08 12:26:59,855 [INFO] - c.p.w.JatosPublix - .startStudy: study (study ID 34, batch ID -1) assigned to worker with ID 1
2019-10-08 12:26:59,888 [INFO] - publix_access - GET /publix/34/33/start?srid=42
2019-10-08 12:26:59,888 [INFO] - c.p.w.JatosPublix - .startComponent: studyId 34, componentId 33, studyResultId 42, logged-in user's email admin
2019-10-08 12:27:00,235 [INFO] - publix_access - GET /publix/34/33/initData?srid=42
2019-10-08 12:27:00,236 [INFO] - c.p.Publix - .getInitData: studyId 34, componentId 33, studyResultId 42
2019-10-08 12:27:00,262 [INFO] - c.p.JatosBatchChannel - .open: studyId 34, studyResultId 42
2019-10-08 12:27:00,284 [INFO] - publix_access - POST /publix/34/heartbeat?srid=42
2019-10-08 12:29:00,315 [INFO] - publix_access - POST /publix/34/heartbeat?srid=42
2019-10-08 12:31:00,330 [INFO] - publix_access - POST /publix/34/heartbeat?srid=42
2019-10-08 12:33:00,360 [INFO] - publix_access - POST /publix/34/heartbeat?srid=42
2019-10-08 12:35:00,395 [INFO] - publix_access - POST /publix/34/heartbeat?srid=42
2019-10-08 12:37:00,410 [INFO] - publix_access - POST /publix/34/heartbeat?srid=42
2019-10-08 12:39:00,437 [INFO] - publix_access - POST /publix/34/heartbeat?srid=42
2019-10-08 12:41:00,463 [INFO] - publix_access - POST /publix/34/heartbeat?srid=42
2019-10-08 12:43:00,476 [INFO] - publix_access - POST /publix/34/heartbeat?srid=42
2019-10-08 12:45:00,487 [INFO] - publix_access - POST /publix/34/heartbeat?srid=42
2019-10-08 12:47:00,498 [INFO] - publix_access - POST /publix/34/heartbeat?srid=42
2019-10-08 12:47:58,493 [INFO] - publix_access - POST /publix/34/studySessionData?srid=42
2019-10-08 12:47:58,494 [INFO] - c.p.Publix - .setStudySessionData: studyId 34, studyResultId 42
2019-10-08 12:47:58,521 [INFO] - publix_access - GET /publix/34/end?srid=42&successful=true&errorMsg=complete
2019-10-08 12:47:58,522 [INFO] - c.p.w.JatosPublix - .finishStudy: studyId 34, studyResultId 42, logged-in user email admin, successful true, errorMsg "complete"
2019-10-08 12:47:58,548 [INFO] - publix_access - PUT /publix/34/33/resultData?srid=42
2019-10-08 12:47:58,548 [INFO] - c.p.Publix - .submitResultData: studyId 34, componentId 33, studyResultId 42
2019-10-08 12:47:58,549 [INFO] - gui_access - GET /jatos/34 (admin)
2019-10-08 12:47:58,727 [INFO] - g.ErrorHandler - PublixException during call /publix/34/33/resultData?srid=42: Worker 1 finished study 34 already.
2019-10-08 12:47:58,735 [INFO] - gui_access - GET /jatos/sidebarStudyList (admin)
2019-10-08 12:47:58,841 [INFO] - gui_access - GET /jatos/34/componentsTableData?_=1570535278663 (admin)
2019-10-08 12:49:43,372 [INFO] - gui_access - GET /jatos/34/33/results (admin)
2019-10-08 12:49:43,656 [INFO] - gui_access - GET /jatos/sidebarStudyList (admin)
2019-10-08 12:49:43,938 [INFO] - gui_access - GET /jatos/34/33/tableData?_=1570535383552 (admin)
2019-10-08 12:50:15,328 [INFO] - gui_access - DELETE /jatos/componentResult?componentResultIds=41,40,39,38,37,36 (admin)
2019-10-08 12:51:35,472 [INFO] - gui_access - POST /jatos/componentResult/export/resultData (admin)
2019-10-08 12:52:19,918 [INFO] - gui_access - GET /jatos/worker/1/results (admin)
2019-10-08 12:52:20,256 [INFO] - gui_access - GET /jatos/sidebarStudyList (admin)
2019-10-08 12:52:20,492 [INFO] - gui_access - GET /jatos/worker/1/tableData?_=1570535540203 (admin)
2019-10-08 12:52:38,527 [INFO] - gui_access - GET /jatos/34 (admin)
2019-10-08 12:52:38,736 [INFO] - gui_access - GET /jatos/sidebarStudyList (admin)
2019-10-08 12:52:38,797 [INFO] - gui_access - GET /jatos/34/componentsTableData?_=1570535558673 (admin)
2019-10-08 12:52:40,796 [INFO] - gui_access - GET /jatos/34/33/results (admin)
2019-10-08 12:52:40,955 [INFO] - gui_access - GET /jatos/sidebarStudyList (admin)
2019-10-08 12:52:41,117 [INFO] - gui_access - GET /jatos/34/33/tableData?_=1570535560888 (admin)
2019-10-08 12:52:51,990 [INFO] - gui_access - POST /jatos/componentResult/export/resultData (admin)
2019-10-08 13:16:30,361 [INFO] - gui_access - DELETE /jatos/34/33/allResults (admin)
2019-10-08 13:16:30,389 [INFO] - gui_access - GET /jatos/34/33/tableData?_=1570535560889 (admin)
2019-10-08 13:16:32,081 [INFO] - gui_access - GET /jatos (admin)
2019-10-08 13:16:32,266 [INFO] - gui_access - GET /jatos/releaseInfo?allowPreReleases=false (admin)
2019-10-08 13:16:32,272 [INFO] - gui_access - GET /jatos/sidebarStudyList (admin)
2019-10-08 13:16:32,676 [INFO] - g.c.JatosUpdater - Checked GitHub for latest release of JATOS: v3.3.6
2019-10-08 13:16:33,354 [INFO] - gui_access - GET /jatos/34 (admin)
2019-10-08 13:16:33,511 [INFO] - gui_access - GET /jatos/sidebarStudyList (admin)
2019-10-08 13:16:33,594 [INFO] - gui_access - GET /jatos/34/componentsTableData?_=1570536993453 (admin)
2019-10-08 13:16:36,796 [INFO] - gui_access - GET /jatos/34/33/run (admin)
2019-10-08 13:16:36,813 [INFO] - publix_access - GET /publix/34/start?batchId=-1&jatosWorkerId=1
2019-10-08 13:16:36,814 [INFO] - c.p.w.JatosPublix - .startStudy: studyId 34, batchId -1, logged-in user's email admin
2019-10-08 13:16:36,815 [INFO] - c.p.w.JatosPublix - .startStudy: study (study ID 34, batch ID -1) assigned to worker with ID 1
2019-10-08 13:16:36,842 [INFO] - publix_access - GET /publix/34/33/start?srid=43
2019-10-08 13:16:36,842 [INFO] - c.p.w.JatosPublix - .startComponent: studyId 34, componentId 33, studyResultId 43, logged-in user's email admin
2019-10-08 13:16:37,153 [INFO] - publix_access - GET /publix/34/33/initData?srid=43
2019-10-08 13:16:37,153 [INFO] - c.p.Publix - .getInitData: studyId 34, componentId 33, studyResultId 43
2019-10-08 13:16:37,169 [INFO] - c.p.JatosBatchChannel - .open: studyId 34, studyResultId 43
2019-10-08 13:16:37,188 [INFO] - publix_access - POST /publix/34/heartbeat?srid=43
2019-10-08 13:16:39,185 [INFO] - c.p.JatosBatchChannel - .open: studyId 34, studyResultId 43
2019-10-08 13:16:40,823 [INFO] - publix_access - GET /publix/34/33/start?srid=43
2019-10-08 13:16:40,823 [INFO] - c.p.w.JatosPublix - .startComponent: studyId 34, componentId 33, studyResultId 43, logged-in user's email admin
2019-10-08 13:16:40,844 [INFO] - publix_access - GET /publix/34/end?srid=43&successful=false&errorMsg=It%27s+not+allowed+to+reload+this+component+%28ID%3A+33%29.+Unfortunately+it+is+neccessary+to+finish+this+study+%28ID%3A+34%29+at+this+point.
2019-10-08 13:16:40,844 [INFO] - c.p.w.JatosPublix - .finishStudy: studyId 34, studyResultId 43, logged-in user email admin, successful false, errorMsg "It's not allowed to reload this component (ID: 33). Unfortunately it is neccessary to finish this study (ID: 34) at this point."
2019-10-08 13:16:41,071 [INFO] - gui_access - GET /jatos/sidebarStudyList (admin)
2019-10-08 13:16:41,135 [INFO] - gui_access - GET /jatos/34/componentsTableData?_=1570537001010 (admin)
2019-10-08 13:16:44,388 [INFO] - gui_access - GET /jatos/34/results (admin)
2019-10-08 13:16:44,557 [INFO] - gui_access - GET /jatos/sidebarStudyList (admin)
2019-10-08 13:16:44,679 [INFO] - gui_access - GET /jatos/34/resultsTableData?_=1570537004496 (admin)
2019-10-08 13:16:49,820 [INFO] - gui_access - DELETE /jatos/34/allResults (admin)
2019-10-08 13:16:49,869 [INFO] - gui_access - GET /jatos/34/resultsTableData?_=1570537004497 (admin)
2019-10-08 13:16:51,500 [INFO] - gui_access - GET /jatos/34 (admin)
2019-10-08 13:16:51,669 [INFO] - gui_access - GET /jatos/sidebarStudyList (admin)
2019-10-08 13:16:51,739 [INFO] - gui_access - GET /jatos/34/componentsTableData?_=1570537011596 (admin)
2019-10-08 13:16:54,322 [INFO] - gui_access - GET /jatos/34/33/run (admin)
2019-10-08 13:16:54,339 [INFO] - publix_access - GET /publix/34/start?batchId=-1&jatosWorkerId=1
2019-10-08 13:16:54,340 [INFO] - c.p.w.JatosPublix - .startStudy: studyId 34, batchId -1, logged-in user's email admin
2019-10-08 13:16:54,341 [INFO] - c.p.w.JatosPublix - .startStudy: study (study ID 34, batch ID -1) assigned to worker with ID 1
2019-10-08 13:16:54,365 [INFO] - publix_access - GET /publix/34/33/start?srid=44
2019-10-08 13:16:54,365 [INFO] - c.p.w.JatosPublix - .startComponent: studyId 34, componentId 33, studyResultId 44, logged-in user's email admin
2019-10-08 13:16:54,555 [INFO] - publix_access - GET /publix/34/33/initData?srid=44
2019-10-08 13:16:54,556 [INFO] - c.p.Publix - .getInitData: studyId 34, componentId 33, studyResultId 44
2019-10-08 13:16:54,570 [INFO] - c.p.JatosBatchChannel - .open: studyId 34, studyResultId 44
2019-10-08 13:16:54,587 [INFO] - publix_access - POST /publix/34/heartbeat?srid=44
2019-10-08 13:18:54,610 [INFO] - publix_access - POST /publix/34/heartbeat?srid=44
2019-10-08 13:18:59,965 [INFO] - publix_access - POST /publix/34/studySessionData?srid=44
2019-10-08 13:18:59,965 [INFO] - c.p.Publix - .setStudySessionData: studyId 34, studyResultId 44
2019-10-08 13:18:59,976 [INFO] - publix_access - PUT /publix/34/33/resultData?srid=44
2019-10-08 13:18:59,976 [INFO] - c.p.Publix - .submitResultData: studyId 34, componentId 33, studyResultId 44
2019-10-08 13:19:00,010 [INFO] - publix_access - GET /publix/34/end?srid=44&successful=true&errorMsg=complete
2019-10-08 13:19:00,010 [INFO] - c.p.w.JatosPublix - .finishStudy: studyId 34, studyResultId 44, logged-in user email admin, successful true, errorMsg "complete"
2019-10-08 13:19:00,048 [INFO] - gui_access - GET /jatos/34 (admin)
2019-10-08 13:19:00,230 [INFO] - gui_access - GET /jatos/sidebarStudyList (admin)
2019-10-08 13:19:00,302 [INFO] - gui_access - GET /jatos/34/componentsTableData?_=1570537140165 (admin)
2019-10-08 13:19:03,991 [INFO] - gui_access - GET /jatos/34/33/results (admin)
2019-10-08 13:19:04,160 [INFO] - gui_access - GET /jatos/sidebarStudyList (admin)
2019-10-08 13:19:04,302 [INFO] - gui_access - GET /jatos/34/33/tableData?_=1570537144092 (admin)
2019-10-08 13:19:15,789 [INFO] - gui_access - POST /jatos/componentResult/export/resultData (admin)
2019-10-08 13:21:51,178 [INFO] - gui_access - GET /jatos/34 (admin)
2019-10-08 13:21:51,446 [INFO] - gui_access - GET /jatos/sidebarStudyList (admin)
2019-10-08 13:21:51,517 [INFO] - gui_access - GET /jatos/34/componentsTableData?_=1570537311330 (admin)
2019-10-08 13:22:01,220 [INFO] - gui_access - GET /jatos/34/export (admin)
2019-10-08 13:31:56,306 [INFO] - gui_access - GET /jatos/login (admin)
2019-10-08 13:32:03,237 [INFO] - gui_access - POST /jatos/login (admin)
2019-10-08 13:32:03,260 [INFO] - gui_access - GET /jatos (admin)
2019-10-08 13:32:03,498 [INFO] - gui_access - GET /jatos/releaseInfo?allowPreReleases=false (admin)
2019-10-08 13:32:03,500 [INFO] - gui_access - GET /jatos/sidebarStudyList (admin)
2019-10-08 15:02:32,169 [INFO] - a.e.s.Slf4jLogger - Slf4jLogger started
2019-10-08 15:02:32,958 [INFO] - n.s.e.p.s.f.AnnotationSizeOfFilter - Using regular expression provided through VM argument net.sf.ehcache.pool.sizeof.ignore.pattern for IgnoreSizeOf annotation : ^.*cache\..*IgnoreSizeOf$
2019-10-08 15:02:32,961 [INFO] - n.s.e.p.s.AgentLoader - Unavailable or unrecognised attach API : java.lang.ClassNotFoundException: com.sun.tools.attach.VirtualMachine
2019-10-08 15:02:33,178 [INFO] - n.s.e.p.s.JvmInformation - Detected JVM data model settings of: 64-Bit HotSpot JVM with Compressed OOPs
2019-10-08 15:02:33,178 [INFO] - n.s.e.p.i.DefaultSizeOfEngine - using Unsafe sizeof engine
2019-10-08 15:02:33,225 [INFO] - application - Creating Pool for datasource 'default'
2019-10-08 15:02:33,243 [INFO] - c.z.h.HikariDataSource - HikariPool-1 - Started.
2019-10-08 15:02:33,512 [INFO] - p.a.d.HikariCPConnectionPool - datasource [default] bound to JNDI as DefaultDS
2019-10-08 15:02:33,560 [INFO] - p.a.d.DefaultDBApi - Database [default] connected at jdbc:h2:./database/jatos
2019-10-08 15:02:35,738 [INFO] - o.h.j.i.u.LogHelper - HHH000204: Processing PersistenceUnitInfo [
	name: h2PersistenceUnit
	...]
2019-10-08 15:02:35,801 [INFO] - o.h.Version - HHH000412: Hibernate Core {5.1.0.Final}
2019-10-08 15:02:35,802 [INFO] - o.h.c.Environment - HHH000206: hibernate.properties not found
2019-10-08 15:02:35,803 [INFO] - o.h.c.Environment - HHH000021: Bytecode provider name : javassist
2019-10-08 15:02:35,862 [INFO] - o.h.a.c.Version - HCANN000001: Hibernate Commons Annotations {5.0.1.Final}
2019-10-08 15:02:35,970 [INFO] - o.h.d.Dialect - HHH000400: Using dialect: org.hibernate.dialect.H2Dialect
2019-10-08 15:02:36,334 [INFO] - o.h.v.i.u.Version - HV000001: Hibernate Validator 5.2.4.Final
2019-10-08 15:02:36,744 [INFO] - g.c.Common - Path to study assets directory is U:\Projects\boundary\onlineExperiments\jatos-3.3.6_win_java\jatos-3.3.6_win_java\study_assets_root
2019-10-08 15:02:36,744 [INFO] - g.c.Common - Path to study logs directory is U:\Projects\boundary\onlineExperiments\jatos-3.3.6_win_java\jatos-3.3.6_win_java\study_logs
2019-10-08 15:02:36,908 [INFO] - g.Initializer - JATOS initialized
2019-10-08 15:02:36,908 [INFO] - g.OnStartStop - JATOS has started
2019-10-08 15:02:37,410 [INFO] - p.a.Play - Application started (Prod)
2019-10-08 15:02:37,623 [INFO] - p.c.s.NettyServer - Listening for HTTP on /127.0.0.1:9000
2019-10-08 15:02:38,556 [INFO] - gui_access - GET /jatos/login (admin)
2019-10-08 15:02:43,113 [INFO] - gui_access - POST /jatos/login (admin)
2019-10-08 15:02:43,168 [INFO] - o.h.h.i.QueryTranslatorFactoryInitiator - HHH000397: Using ASTQueryTranslatorFactory
2019-10-08 15:02:43,319 [INFO] - gui_access - GET /jatos (admin)
2019-10-08 15:02:43,841 [INFO] - gui_access - GET /jatos/releaseInfo?allowPreReleases=false (admin)
2019-10-08 15:02:43,852 [INFO] - gui_access - GET /jatos/sidebarStudyList (admin)
2019-10-08 15:02:44,342 [INFO] - g.c.JatosUpdater - Checked GitHub for latest release of JATOS: v3.3.6
2019-10-08 15:02:45,452 [INFO] - gui_access - GET /jatos/34 (admin)
2019-10-08 15:02:45,674 [INFO] - gui_access - GET /jatos/sidebarStudyList (admin)
2019-10-08 15:02:45,742 [INFO] - gui_access - GET /jatos/34/componentsTableData?_=1570543365597 (admin)
2019-10-08 15:02:50,044 [INFO] - gui_access - GET /jatos/34/33/results (admin)
2019-10-08 15:02:50,238 [INFO] - gui_access - GET /jatos/sidebarStudyList (admin)
2019-10-08 15:02:50,385 [INFO] - gui_access - GET /jatos/34/33/tableData?_=1570543370166 (admin)
2019-10-08 15:03:17,165 [INFO] - gui_access - GET /jatos/34 (admin)
2019-10-08 15:03:17,409 [INFO] - gui_access - GET /jatos/sidebarStudyList (admin)
2019-10-08 15:03:17,481 [INFO] - gui_access - GET /jatos/34/componentsTableData?_=1570543397325 (admin)
2019-10-08 15:03:18,546 [INFO] - gui_access - GET /jatos/34/export (admin)
2019-10-08 15:06:54,537 [INFO] - gui_access - GET /jatos/34/33/results (admin)
2019-10-08 15:06:54,733 [INFO] - gui_access - GET /jatos/sidebarStudyList (admin)
2019-10-08 15:06:54,866 [INFO] - gui_access - GET /jatos/34/33/tableData?_=1570543614660 (admin)
2019-10-08 15:08:03,941 [INFO] - gui_access - GET /jatos/34 (admin)
2019-10-08 15:08:04,155 [INFO] - gui_access - GET /jatos/sidebarStudyList (admin)
2019-10-08 15:08:04,225 [INFO] - gui_access - GET /jatos/34/componentsTableData?_=1570543684076 (admin)
2019-10-08 15:08:05,236 [INFO] - gui_access - GET /jatos/34/workerAndBatchManager (admin)
2019-10-08 15:08:05,527 [INFO] - gui_access - GET /jatos/sidebarStudyList (admin)
2019-10-08 15:08:05,528 [INFO] - gui_access - GET /jatos/34/batches (admin)
2019-10-08 15:08:08,906 [INFO] - gui_access - GET /jatos/34/batch/34/workerSetupData (admin)
2019-10-08 15:08:21,125 [INFO] - gui_access - POST /jatos/34/batch (admin)
2019-10-08 15:08:21,268 [INFO] - gui_access - GET /jatos/34/batches (admin)
2019-10-08 15:08:24,446 [INFO] - gui_access - GET /jatos/34/batch/34/workerSetupData (admin)
2019-10-08 15:08:29,329 [INFO] - gui_access - GET /jatos/34/batch/34/results (admin)
2019-10-08 15:08:29,536 [INFO] - gui_access - GET /jatos/sidebarStudyList (admin)
2019-10-08 15:08:29,653 [INFO] - gui_access - GET /jatos/34/batch/34/tableData?_=1570543709453 (admin)
2019-10-08 15:08:52,326 [INFO] - gui_access - POST /jatos/studyResult/export/resultData (admin)
2019-10-08 15:08:59,106 [INFO] - gui_access - GET /jatos/34/workerAndBatchManager (admin)
2019-10-08 15:08:59,287 [INFO] - gui_access - GET /jatos/34/batches (admin)
2019-10-08 15:08:59,302 [INFO] - gui_access - GET /jatos/sidebarStudyList (admin)
2019-10-08 15:09:03,234 [INFO] - gui_access - GET /jatos/34/allWorkers?_=1570543739228 (admin)
2019-10-08 15:09:07,348 [INFO] - gui_access - GET /jatos/34 (admin)
2019-10-08 15:09:07,549 [INFO] - gui_access - GET /jatos/sidebarStudyList (admin)
2019-10-08 15:09:07,605 [INFO] - gui_access - GET /jatos/34/componentsTableData?_=1570543747478 (admin)
2019-10-08 15:09:09,167 [INFO] - gui_access - GET /jatos/34/33/results (admin)
2019-10-08 15:09:09,336 [INFO] - gui_access - GET /jatos/sidebarStudyList (admin)
2019-10-08 15:09:09,470 [INFO] - gui_access - GET /jatos/34/33/tableData?_=1570543749276 (admin)
2019-10-08 15:09:15,182 [INFO] - gui_access - GET /jatos/34 (admin)
2019-10-08 15:09:15,365 [INFO] - gui_access - GET /jatos/sidebarStudyList (admin)
2019-10-08 15:09:15,434 [INFO] - gui_access - GET /jatos/34/componentsTableData?_=1570543755286 (admin)
2019-10-08 15:09:17,990 [INFO] - gui_access - GET /jatos/34/33/results (admin)
2019-10-08 15:09:18,177 [INFO] - gui_access - GET /jatos/sidebarStudyList (admin)
2019-10-08 15:09:18,296 [INFO] - gui_access - GET /jatos/34/33/tableData?_=1570543758118 (admin)
2019-10-08 15:09:20,251 [INFO] - gui_access - GET /jatos/34 (admin)
2019-10-08 15:09:20,428 [INFO] - gui_access - GET /jatos/sidebarStudyList (admin)
2019-10-08 15:09:20,501 [INFO] - gui_access - GET /jatos/34/componentsTableData?_=1570543760362 (admin)
2019-10-08 15:09:22,370 [INFO] - gui_access - GET /jatos/34/workerAndBatchManager (admin)
2019-10-08 15:09:22,546 [INFO] - gui_access - GET /jatos/34/batches (admin)
2019-10-08 15:09:22,549 [INFO] - gui_access - GET /jatos/sidebarStudyList (admin)
2019-10-08 15:09:25,310 [INFO] - gui_access - GET /jatos/34/batch/34/workerSetupData (admin)
2019-10-08 15:09:30,281 [INFO] - gui_access - GET /jatos/34/batch/34/results (admin)
2019-10-08 15:09:30,473 [INFO] - gui_access - GET /jatos/sidebarStudyList (admin)
2019-10-08 15:09:30,598 [INFO] - gui_access - GET /jatos/34/batch/34/tableData?_=1570543770395 (admin)
2019-10-08 15:09:34,248 [INFO] - gui_access - GET /jatos/34/workerAndBatchManager (admin)
2019-10-08 15:09:34,439 [INFO] - gui_access - GET /jatos/34/batches (admin)
2019-10-08 15:09:34,446 [INFO] - gui_access - GET /jatos/sidebarStudyList (admin)
2019-10-08 15:09:37,049 [INFO] - gui_access - GET /jatos/34/allWorkers?_=1570543774368 (admin)
2019-10-08 17:21:06,861 [INFO] - a.e.s.Slf4jLogger - Slf4jLogger started
2019-10-08 17:21:07,145 [INFO] - n.s.e.p.s.f.AnnotationSizeOfFilter - Using regular expression provided through VM argument net.sf.ehcache.pool.sizeof.ignore.pattern for IgnoreSizeOf annotation : ^.*cache\..*IgnoreSizeOf$
2019-10-08 17:21:07,145 [INFO] - n.s.e.p.s.AgentLoader - Unavailable or unrecognised attach API : java.lang.ClassNotFoundException: com.sun.tools.attach.VirtualMachine
2019-10-08 17:21:07,313 [INFO] - n.s.e.p.s.JvmInformation - Detected JVM data model settings of: 64-Bit HotSpot JVM with Compressed OOPs
2019-10-08 17:21:07,313 [INFO] - n.s.e.p.i.DefaultSizeOfEngine - using Unsafe sizeof engine
2019-10-08 17:21:07,381 [INFO] - application - Creating Pool for datasource 'default'
2019-10-08 17:21:07,406 [INFO] - c.z.h.HikariDataSource - HikariPool-1 - Started.
2019-10-08 17:21:08,735 [INFO] - p.a.d.HikariCPConnectionPool - datasource [default] bound to JNDI as DefaultDS
2019-10-08 17:21:08,782 [INFO] - p.a.d.DefaultDBApi - Database [default] connected at jdbc:h2:./database/jatos
2019-10-08 17:21:13,476 [INFO] - o.h.j.i.u.LogHelper - HHH000204: Processing PersistenceUnitInfo [
	name: h2PersistenceUnit
	...]
2019-10-08 17:21:14,991 [INFO] - o.h.Version - HHH000412: Hibernate Core {5.1.0.Final}
2019-10-08 17:21:14,992 [INFO] - o.h.c.Environment - HHH000206: hibernate.properties not found
2019-10-08 17:21:14,993 [INFO] - o.h.c.Environment - HHH000021: Bytecode provider name : javassist
2019-10-08 17:21:15,608 [INFO] - o.h.a.c.Version - HCANN000001: Hibernate Commons Annotations {5.0.1.Final}
2019-10-08 17:21:16,140 [INFO] - o.h.d.Dialect - HHH000400: Using dialect: org.hibernate.dialect.H2Dialect
2019-10-08 17:21:18,088 [INFO] - o.h.v.i.u.Version - HV000001: Hibernate Validator 5.2.4.Final
2019-10-08 17:21:19,073 [INFO] - g.c.Common - Path to study assets directory is U:\Projects\boundary\onlineExperiments\jatos-3.3.6_win_java\jatos-3.3.6_win_java\study_assets_root
2019-10-08 17:21:19,073 [INFO] - g.c.Common - Path to study logs directory is U:\Projects\boundary\onlineExperiments\jatos-3.3.6_win_java\jatos-3.3.6_win_java\study_logs
2019-10-08 17:21:19,341 [INFO] - g.Initializer - JATOS initialized
2019-10-08 17:21:19,341 [INFO] - g.OnStartStop - JATOS has started
2019-10-08 17:21:20,205 [INFO] - p.a.Play - Application started (Prod)
2019-10-08 17:21:20,448 [INFO] - p.c.s.NettyServer - Listening for HTTP on /127.0.0.1:9000
2019-10-08 17:21:22,179 [INFO] - gui_access - GET /jatos/login (admin)
2019-10-08 17:21:26,906 [INFO] - gui_access - POST /jatos/login (admin)
2019-10-08 17:21:27,009 [INFO] - o.h.h.i.QueryTranslatorFactoryInitiator - HHH000397: Using ASTQueryTranslatorFactory
2019-10-08 17:21:27,745 [INFO] - gui_access - GET /jatos (admin)
2019-10-08 17:21:28,152 [INFO] - gui_access - GET /jatos/releaseInfo?allowPreReleases=false (admin)
2019-10-08 17:21:28,174 [INFO] - gui_access - GET /jatos/sidebarStudyList (admin)
2019-10-08 17:21:28,663 [INFO] - g.c.JatosUpdater - Checked GitHub for latest release of JATOS: v3.3.6
2019-10-08 17:21:29,251 [INFO] - gui_access - GET /jatos/34 (admin)
2019-10-08 17:21:29,511 [INFO] - gui_access - GET /jatos/sidebarStudyList (admin)
2019-10-08 17:21:29,570 [INFO] - gui_access - GET /jatos/34/componentsTableData?_=1570551689455 (admin)
2019-10-08 17:22:03,980 [INFO] - gui_access - GET /jatos/34/export (admin)
2019-10-08 17:22:14,077 [INFO] - gui_access - GET /jatos/34/33/run (admin)
2019-10-08 17:22:14,108 [INFO] - publix_access - GET /publix/34/start?batchId=-1&jatosWorkerId=1
2019-10-08 17:22:14,108 [INFO] - c.p.w.JatosPublix - .startStudy: studyId 34, batchId -1, logged-in user's email admin
2019-10-08 17:22:14,108 [INFO] - c.p.w.JatosPublix - .startStudy: study (study ID 34, batch ID -1) assigned to worker with ID 1
2019-10-08 17:22:14,261 [INFO] - publix_access - GET /publix/34/33/start?srid=65
2019-10-08 17:22:14,261 [INFO] - c.p.w.JatosPublix - .startComponent: studyId 34, componentId 33, studyResultId 65, logged-in user's email admin
2019-10-08 17:22:14,570 [INFO] - publix_access - GET /publix/34/33/initData?srid=65
2019-10-08 17:22:14,572 [INFO] - c.p.Publix - .getInitData: studyId 34, componentId 33, studyResultId 65
2019-10-08 17:22:14,615 [INFO] - publix_access - POST /publix/34/heartbeat?srid=65
2019-10-08 17:22:14,619 [INFO] - c.p.JatosBatchChannel - .open: studyId 34, studyResultId 65
2019-10-08 17:24:14,651 [INFO] - publix_access - POST /publix/34/heartbeat?srid=65
2019-10-08 17:24:28,915 [INFO] - publix_access - PUT /publix/34/33/resultData?srid=65
2019-10-08 17:24:28,915 [INFO] - c.p.Publix - .submitResultData: studyId 34, componentId 33, studyResultId 65
2019-10-08 17:24:28,949 [INFO] - publix_access - POST /publix/34/studySessionData?srid=65
2019-10-08 17:24:28,949 [INFO] - c.p.Publix - .setStudySessionData: studyId 34, studyResultId 65
2019-10-08 17:24:28,986 [INFO] - publix_access - GET /publix/34/end?srid=65&successful=true&errorMsg=complete
2019-10-08 17:24:28,987 [INFO] - c.p.w.JatosPublix - .finishStudy: studyId 34, studyResultId 65, logged-in user email admin, successful true, errorMsg "complete"
2019-10-08 17:24:29,031 [INFO] - gui_access - GET /jatos/34 (admin)
2019-10-08 17:24:29,297 [INFO] - gui_access - GET /jatos/sidebarStudyList (admin)
2019-10-08 17:24:29,387 [INFO] - gui_access - GET /jatos/34/componentsTableData?_=1570551869220 (admin)
2019-10-08 17:24:32,749 [INFO] - gui_access - GET /jatos/34/33/results (admin)
2019-10-08 17:24:32,920 [INFO] - gui_access - GET /jatos/sidebarStudyList (admin)
2019-10-08 17:24:33,066 [INFO] - gui_access - GET /jatos/34/33/tableData?_=1570551872866 (admin)
2019-10-08 17:24:43,098 [INFO] - gui_access - POST /jatos/componentResult/export/resultData (admin)
2019-10-08 17:24:49,306 [INFO] - gui_access - GET /jatos/34 (admin)
2019-10-08 17:24:49,489 [INFO] - gui_access - GET /jatos/sidebarStudyList (admin)
2019-10-08 17:24:49,544 [INFO] - gui_access - GET /jatos/34/componentsTableData?_=1570551889422 (admin)
2019-10-08 17:24:50,711 [INFO] - gui_access - GET /jatos/34/export (admin)
2019-10-08 17:28:02,072 [INFO] - gui_access - GET /jatos/34/33/results (admin)
2019-10-08 17:28:02,295 [INFO] - gui_access - GET /jatos/sidebarStudyList (admin)
2019-10-08 17:28:02,430 [INFO] - gui_access - GET /jatos/34/33/tableData?_=1570552082217 (admin)
2019-10-08 17:28:11,152 [INFO] - gui_access - GET /jatos/logout (admin)
2019-10-08 17:28:11,152 [INFO] - c.g.Authentication - .logout: admin
2019-10-08 17:28:11,168 [INFO] - gui_access - GET /jatos/login (null)
2019-10-09 11:39:03,927 [INFO] - a.e.s.Slf4jLogger - Slf4jLogger started
2019-10-09 11:39:04,354 [INFO] - n.s.e.p.s.f.AnnotationSizeOfFilter - Using regular expression provided through VM argument net.sf.ehcache.pool.sizeof.ignore.pattern for IgnoreSizeOf annotation : ^.*cache\..*IgnoreSizeOf$
2019-10-09 11:39:04,358 [INFO] - n.s.e.p.s.AgentLoader - Unavailable or unrecognised attach API : java.lang.ClassNotFoundException: com.sun.tools.attach.VirtualMachine
2019-10-09 11:39:04,540 [INFO] - n.s.e.p.s.JvmInformation - Detected JVM data model settings of: 64-Bit HotSpot JVM with Compressed OOPs
2019-10-09 11:39:04,540 [INFO] - n.s.e.p.i.DefaultSizeOfEngine - using Unsafe sizeof engine
2019-10-09 11:39:04,591 [INFO] - application - Creating Pool for datasource 'default'
2019-10-09 11:39:04,617 [INFO] - c.z.h.HikariDataSource - HikariPool-1 - Started.
2019-10-09 11:39:04,884 [INFO] - p.a.d.HikariCPConnectionPool - datasource [default] bound to JNDI as DefaultDS
2019-10-09 11:39:04,917 [INFO] - p.a.d.DefaultDBApi - Database [default] connected at jdbc:h2:./database/jatos
2019-10-09 11:39:06,651 [INFO] - o.h.j.i.u.LogHelper - HHH000204: Processing PersistenceUnitInfo [
	name: h2PersistenceUnit
	...]
2019-10-09 11:39:06,728 [INFO] - o.h.Version - HHH000412: Hibernate Core {5.1.0.Final}
2019-10-09 11:39:06,729 [INFO] - o.h.c.Environment - HHH000206: hibernate.properties not found
2019-10-09 11:39:06,730 [INFO] - o.h.c.Environment - HHH000021: Bytecode provider name : javassist
2019-10-09 11:39:06,783 [INFO] - o.h.a.c.Version - HCANN000001: Hibernate Commons Annotations {5.0.1.Final}
2019-10-09 11:39:06,899 [INFO] - o.h.d.Dialect - HHH000400: Using dialect: org.hibernate.dialect.H2Dialect
2019-10-09 11:39:07,346 [INFO] - o.h.v.i.u.Version - HV000001: Hibernate Validator 5.2.4.Final
2019-10-09 11:39:07,817 [INFO] - g.c.Common - Path to study assets directory is U:\Projects\boundary\onlineExperiments\jatos-3.3.6_win_java\jatos-3.3.6_win_java\study_assets_root
2019-10-09 11:39:07,818 [INFO] - g.c.Common - Path to study logs directory is U:\Projects\boundary\onlineExperiments\jatos-3.3.6_win_java\jatos-3.3.6_win_java\study_logs
2019-10-09 11:39:07,933 [INFO] - g.Initializer - JATOS initialized
2019-10-09 11:39:07,934 [INFO] - g.OnStartStop - JATOS has started
2019-10-09 11:39:08,259 [INFO] - p.a.Play - Application started (Prod)
2019-10-09 11:39:08,398 [INFO] - p.c.s.NettyServer - Listening for HTTP on /127.0.0.1:9000
2019-10-09 11:39:08,696 [INFO] - gui_access - GET /jatos/login (null)
2019-10-09 11:39:12,920 [INFO] - gui_access - POST /jatos/login (null)
2019-10-09 11:39:12,966 [INFO] - o.h.h.i.QueryTranslatorFactoryInitiator - HHH000397: Using ASTQueryTranslatorFactory
2019-10-09 11:39:13,175 [INFO] - gui_access - GET /jatos (admin)
2019-10-09 11:39:13,570 [INFO] - gui_access - GET /jatos/sidebarStudyList (admin)
2019-10-09 11:39:13,575 [INFO] - gui_access - GET /jatos/releaseInfo?allowPreReleases=false (admin)
2019-10-09 11:39:14,032 [INFO] - g.c.JatosUpdater - Checked GitHub for latest release of JATOS: v3.3.6
2019-10-09 11:39:15,321 [INFO] - gui_access - GET /jatos/34 (admin)
2019-10-09 11:39:15,573 [INFO] - gui_access - GET /jatos/sidebarStudyList (admin)
2019-10-09 11:39:15,632 [INFO] - gui_access - GET /jatos/34/componentsTableData?_=1570617555509 (admin)
2019-10-09 11:39:21,639 [INFO] - gui_access - POST /jatos/34/componentOrder?componentId=33&newPosition=1 (admin)
2019-10-09 11:39:21,692 [INFO] - gui_access - GET /jatos/34/componentsTableData?_=1570617555510 (admin)
2019-10-09 11:39:21,695 [INFO] - gui_access - GET /jatos/sidebarStudyList (admin)
2019-10-09 11:39:22,503 [INFO] - gui_access - GET /jatos/34/33/run (admin)
2019-10-09 11:39:22,528 [INFO] - publix_access - GET /publix/34/start?batchId=-1&jatosWorkerId=1
2019-10-09 11:39:22,533 [INFO] - c.p.w.JatosPublix - .startStudy: studyId 34, batchId -1, logged-in user's email admin
2019-10-09 11:39:22,538 [INFO] - c.p.w.JatosPublix - .startStudy: study (study ID 34, batch ID -1) assigned to worker with ID 1
2019-10-09 11:39:22,701 [INFO] - publix_access - GET /publix/34/33/start?srid=97
2019-10-09 11:39:22,701 [INFO] - c.p.w.JatosPublix - .startComponent: studyId 34, componentId 33, studyResultId 97, logged-in user's email admin
2019-10-09 11:39:23,044 [INFO] - publix_access - GET /publix/34/33/initData?srid=97
2019-10-09 11:39:23,045 [INFO] - c.p.Publix - .getInitData: studyId 34, componentId 33, studyResultId 97
2019-10-09 11:39:23,097 [INFO] - publix_access - POST /publix/34/heartbeat?srid=97
2019-10-09 11:39:23,107 [INFO] - c.p.JatosBatchChannel - .open: studyId 34, studyResultId 97
2019-10-09 11:39:31,956 [INFO] - gui_access - GET /jatos/34/export (admin)
2019-10-09 11:39:34,887 [INFO] - gui_access - GET /jatos/34/export (admin)
2019-10-28 09:38:19,530 [INFO] - a.e.s.Slf4jLogger - Slf4jLogger started
2019-10-28 09:38:19,831 [INFO] - n.s.e.p.s.f.AnnotationSizeOfFilter - Using regular expression provided through VM argument net.sf.ehcache.pool.sizeof.ignore.pattern for IgnoreSizeOf annotation : ^.*cache\..*IgnoreSizeOf$
2019-10-28 09:38:19,837 [INFO] - n.s.e.p.s.AgentLoader - Unavailable or unrecognised attach API : java.lang.ClassNotFoundException: com.sun.tools.attach.VirtualMachine
2019-10-28 09:38:20,445 [INFO] - n.s.e.p.s.JvmInformation - Detected JVM data model settings of: 64-Bit HotSpot JVM with Compressed OOPs
2019-10-28 09:38:20,445 [INFO] - n.s.e.p.i.DefaultSizeOfEngine - using Unsafe sizeof engine
2019-10-28 09:38:20,577 [INFO] - application - Creating Pool for datasource 'default'
2019-10-28 09:38:20,636 [INFO] - c.z.h.HikariDataSource - HikariPool-1 - Started.
2019-10-28 09:38:21,193 [INFO] - p.a.d.HikariCPConnectionPool - datasource [default] bound to JNDI as DefaultDS
2019-10-28 09:38:21,244 [INFO] - p.a.d.DefaultDBApi - Database [default] connected at jdbc:h2:./database/jatos
2019-10-28 09:38:24,443 [INFO] - o.h.j.i.u.LogHelper - HHH000204: Processing PersistenceUnitInfo [
	name: h2PersistenceUnit
	...]
2019-10-28 09:38:24,640 [INFO] - o.h.Version - HHH000412: Hibernate Core {5.1.0.Final}
2019-10-28 09:38:24,642 [INFO] - o.h.c.Environment - HHH000206: hibernate.properties not found
2019-10-28 09:38:24,643 [INFO] - o.h.c.Environment - HHH000021: Bytecode provider name : javassist
2019-10-28 09:38:24,736 [INFO] - o.h.a.c.Version - HCANN000001: Hibernate Commons Annotations {5.0.1.Final}
2019-10-28 09:38:25,104 [INFO] - o.h.d.Dialect - HHH000400: Using dialect: org.hibernate.dialect.H2Dialect
2019-10-28 09:38:25,687 [INFO] - o.h.v.i.u.Version - HV000001: Hibernate Validator 5.2.4.Final
2019-10-28 09:38:26,195 [INFO] - g.c.Common - Path to study assets directory is U:\Projects\boundaryVR\onlineExperiment\jatos-3.3.6_win_java\study_assets_root
2019-10-28 09:38:26,195 [INFO] - g.c.Common - Path to study logs directory is U:\Projects\boundaryVR\onlineExperiment\jatos-3.3.6_win_java\study_logs
2019-10-28 09:38:26,321 [INFO] - g.Initializer - JATOS initialized
2019-10-28 09:38:26,322 [INFO] - g.OnStartStop - JATOS has started
2019-10-28 09:38:26,886 [INFO] - p.a.Play - Application started (Prod)
2019-10-28 09:38:27,265 [INFO] - p.c.s.NettyServer - Listening for HTTP on /127.0.0.1:9000
2019-10-28 09:38:29,861 [WARN] - c.g.a.AuthenticationAction - Authentication failed: remote address 127.0.0.1 tried to access page /
2019-10-28 09:38:29,951 [INFO] - gui_access - GET /jatos/login (null)
2019-10-28 09:38:36,606 [INFO] - gui_access - POST /jatos/login (null)
2019-10-28 09:38:36,672 [INFO] - o.h.h.i.QueryTranslatorFactoryInitiator - HHH000397: Using ASTQueryTranslatorFactory
2019-10-28 09:38:36,871 [INFO] - gui_access - GET /jatos (admin)
2019-10-28 09:38:37,265 [INFO] - gui_access - GET /jatos/sidebarStudyList (admin)
2019-10-28 09:38:37,297 [INFO] - gui_access - GET /jatos/releaseInfo?allowPreReleases=false (admin)
2019-10-28 09:38:37,898 [INFO] - g.c.JatosUpdater - Checked GitHub for latest release of JATOS: v3.3.6
2019-10-28 09:38:43,270 [INFO] - gui_access - GET /jatos/user/admin (admin)
2019-10-28 09:38:43,344 [INFO] - gui_access - GET /jatos/user/admin/userData (admin)
2019-10-28 09:38:43,348 [INFO] - gui_access - GET /jatos/sidebarStudyList (admin)
2019-10-28 09:38:44,809 [INFO] - gui_access - GET /jatos (admin)
2019-10-28 09:38:44,867 [INFO] - gui_access - GET /jatos/releaseInfo?allowPreReleases=false (admin)
2019-10-28 09:38:44,875 [INFO] - gui_access - GET /jatos/sidebarStudyList (admin)
2019-10-28 09:38:48,043 [INFO] - gui_access - GET /jatos/34 (admin)
2019-10-28 09:38:48,139 [INFO] - gui_access - GET /jatos/sidebarStudyList (admin)
2019-10-28 09:38:48,174 [INFO] - gui_access - GET /jatos/34/componentsTableData?_=1572255528091 (admin)
2019-10-28 09:38:54,145 [INFO] - gui_access - DELETE /jatos/34 (admin)
2019-10-28 09:38:54,327 [INFO] - gui_access - GET /jatos (admin)
2019-10-28 09:38:54,377 [INFO] - gui_access - GET /jatos/releaseInfo?allowPreReleases=false (admin)
2019-10-28 09:38:54,385 [INFO] - gui_access - GET /jatos/sidebarStudyList (admin)
2019-10-28 09:40:11,957 [INFO] - gui_access - POST /jatos/study (admin)
2019-10-28 09:40:12,528 [INFO] - gui_access - GET /jatos/65 (admin)
2019-10-28 09:40:12,592 [INFO] - gui_access - GET /jatos/sidebarStudyList (admin)
2019-10-28 09:40:12,634 [INFO] - gui_access - GET /jatos/65/componentsTableData?_=1572255612557 (admin)
2019-10-28 09:40:14,554 [INFO] - gui_access - GET /jatos/65 (admin)
2019-10-28 09:40:14,618 [INFO] - gui_access - GET /jatos/sidebarStudyList (admin)
2019-10-28 09:40:14,647 [INFO] - gui_access - GET /jatos/65/componentsTableData?_=1572255614575 (admin)
